10:16:22,198 (main) INFO  [DataNucleus.Enhancer] - DataNucleus Enhancer for API "JPA"
10:16:22,401 (main) INFO  [DataNucleus.Enhancer] - DataNucleus Enhancer (version 3.1.1) : Enhancement of classes
10:16:23,854 (main) INFO  [DataNucleus.Enhancer] - Writing class file "C:\work\repository\bookingprof\target\dilosohairapp\WEB-INF\classes\com\diloso\bookhair\app\persist\entities\AnnualDiary.class" with enhanced definition
10:16:23,854 (main) INFO  [DataNucleus.Enhancer] - Writing class file "C:\work\repository\bookingprof\target\dilosohairapp\WEB-INF\classes\com\diloso\bookhair\app\persist\entities\Billed.class" with enhanced definition
10:16:23,854 (main) INFO  [DataNucleus.Enhancer] - Writing class file "C:\work\repository\bookingprof\target\dilosohairapp\WEB-INF\classes\com\diloso\bookhair\app\persist\entities\Calendar.class" with enhanced definition
10:16:23,870 (main) INFO  [DataNucleus.Enhancer] - Writing class file "C:\work\repository\bookingprof\target\dilosohairapp\WEB-INF\classes\com\diloso\bookhair\app\persist\entities\Client.class" with enhanced definition
10:16:23,870 (main) INFO  [DataNucleus.Enhancer] - Writing class file "C:\work\repository\bookingprof\target\dilosohairapp\WEB-INF\classes\com\diloso\bookhair\app\persist\entities\Diary.class" with enhanced definition
10:16:23,870 (main) INFO  [DataNucleus.Enhancer] - Writing class file "C:\work\repository\bookingprof\target\dilosohairapp\WEB-INF\classes\com\diloso\bookhair\app\persist\entities\Event.class" with enhanced definition
10:16:23,885 (main) INFO  [DataNucleus.Enhancer] - Writing class file "C:\work\repository\bookingprof\target\dilosohairapp\WEB-INF\classes\com\diloso\bookhair\app\persist\entities\Firm.class" with enhanced definition
10:16:23,885 (main) INFO  [DataNucleus.Enhancer] - Writing class file "C:\work\repository\bookingprof\target\dilosohairapp\WEB-INF\classes\com\diloso\bookhair\app\persist\entities\Invoice.class" with enhanced definition
10:16:23,885 (main) INFO  [DataNucleus.Enhancer] - Writing class file "C:\work\repository\bookingprof\target\dilosohairapp\WEB-INF\classes\com\diloso\bookhair\app\persist\entities\Lang.class" with enhanced definition
10:16:23,901 (main) INFO  [DataNucleus.Enhancer] - Writing class file "C:\work\repository\bookingprof\target\dilosohairapp\WEB-INF\classes\com\diloso\bookhair\app\persist\entities\Local.class" with enhanced definition
10:16:23,901 (main) INFO  [DataNucleus.Enhancer] - Writing class file "C:\work\repository\bookingprof\target\dilosohairapp\WEB-INF\classes\com\diloso\bookhair\app\persist\entities\LocalTask.class" with enhanced definition
10:16:23,901 (main) INFO  [DataNucleus.Enhancer] - Writing class file "C:\work\repository\bookingprof\target\dilosohairapp\WEB-INF\classes\com\diloso\bookhair\app\persist\entities\MultiText.class" with enhanced definition
10:16:23,917 (main) INFO  [DataNucleus.Enhancer] - Writing class file "C:\work\repository\bookingprof\target\dilosohairapp\WEB-INF\classes\com\diloso\bookhair\app\persist\entities\Product.class" with enhanced definition
10:16:23,917 (main) INFO  [DataNucleus.Enhancer] - Writing class file "C:\work\repository\bookingprof\target\dilosohairapp\WEB-INF\classes\com\diloso\bookhair\app\persist\entities\ProductClass.class" with enhanced definition
10:16:23,917 (main) INFO  [DataNucleus.Enhancer] - Writing class file "C:\work\repository\bookingprof\target\dilosohairapp\WEB-INF\classes\com\diloso\bookhair\app\persist\entities\Professional.class" with enhanced definition
10:16:23,917 (main) INFO  [DataNucleus.Enhancer] - Writing class file "C:\work\repository\bookingprof\target\dilosohairapp\WEB-INF\classes\com\diloso\bookhair\app\persist\entities\Repeat.class" with enhanced definition
10:16:23,917 (main) INFO  [DataNucleus.Enhancer] - Writing class file "C:\work\repository\bookingprof\target\dilosohairapp\WEB-INF\classes\com\diloso\bookhair\app\persist\entities\RepeatClient.class" with enhanced definition
10:16:23,932 (main) INFO  [DataNucleus.Enhancer] - Writing class file "C:\work\repository\bookingprof\target\dilosohairapp\WEB-INF\classes\com\diloso\bookhair\app\persist\entities\Resource.class" with enhanced definition
10:16:23,932 (main) INFO  [DataNucleus.Enhancer] - Writing class file "C:\work\repository\bookingprof\target\dilosohairapp\WEB-INF\classes\com\diloso\bookhair\app\persist\entities\SemanalDiary.class" with enhanced definition
10:16:23,932 (main) INFO  [DataNucleus.Enhancer] - Writing class file "C:\work\repository\bookingprof\target\dilosohairapp\WEB-INF\classes\com\diloso\bookhair\app\persist\entities\Sincro.class" with enhanced definition
10:16:23,932 (main) INFO  [DataNucleus.Enhancer] - Writing class file "C:\work\repository\bookingprof\target\dilosohairapp\WEB-INF\classes\com\diloso\bookhair\app\persist\entities\Task.class" with enhanced definition
10:16:23,948 (main) INFO  [DataNucleus.Enhancer] - Writing class file "C:\work\repository\bookingprof\target\dilosohairapp\WEB-INF\classes\com\diloso\bookhair\app\persist\entities\TaskClass.class" with enhanced definition
10:16:23,948 (main) INFO  [DataNucleus.Enhancer] - Writing class file "C:\work\repository\bookingprof\target\dilosohairapp\WEB-INF\classes\com\diloso\bookhair\app\persist\entities\Where.class" with enhanced definition
10:16:23,948 (main) INFO  [DataNucleus.Enhancer] - Writing class file "C:\work\repository\bookingprof\target\dilosohairapp\WEB-INF\classes\com\diloso\bookhair\app\persist\entities\Who.class" with enhanced definition
10:16:23,948 (main) INFO  [DataNucleus.Enhancer] - DataNucleus Enhancer completed with success for 24 classes. Timings : input=1375 ms, enhance=156 ms, total=1531 ms. Consult the log for full details
14:17:49,791 (main) INFO  [DataNucleus.Enhancer] - DataNucleus Enhancer for API "JPA"
14:17:49,963 (main) INFO  [DataNucleus.Enhancer] - DataNucleus Enhancer (version 3.1.1) : Enhancement of classes
14:17:51,775 (main) INFO  [DataNucleus.Enhancer] - Writing class file "C:\work\repository\bookingprof\target\dilosohairapp\WEB-INF\classes\com\diloso\bookhair\app\persist\entities\AnnualDiary.class" with enhanced definition
14:17:51,791 (main) INFO  [DataNucleus.Enhancer] - Writing class file "C:\work\repository\bookingprof\target\dilosohairapp\WEB-INF\classes\com\diloso\bookhair\app\persist\entities\Billed.class" with enhanced definition
14:17:51,791 (main) INFO  [DataNucleus.Enhancer] - Writing class file "C:\work\repository\bookingprof\target\dilosohairapp\WEB-INF\classes\com\diloso\bookhair\app\persist\entities\Calendar.class" with enhanced definition
14:17:51,791 (main) INFO  [DataNucleus.Enhancer] - Writing class file "C:\work\repository\bookingprof\target\dilosohairapp\WEB-INF\classes\com\diloso\bookhair\app\persist\entities\Client.class" with enhanced definition
14:17:51,807 (main) INFO  [DataNucleus.Enhancer] - Writing class file "C:\work\repository\bookingprof\target\dilosohairapp\WEB-INF\classes\com\diloso\bookhair\app\persist\entities\Diary.class" with enhanced definition
14:17:51,807 (main) INFO  [DataNucleus.Enhancer] - Writing class file "C:\work\repository\bookingprof\target\dilosohairapp\WEB-INF\classes\com\diloso\bookhair\app\persist\entities\Event.class" with enhanced definition
14:17:51,807 (main) INFO  [DataNucleus.Enhancer] - Writing class file "C:\work\repository\bookingprof\target\dilosohairapp\WEB-INF\classes\com\diloso\bookhair\app\persist\entities\Firm.class" with enhanced definition
14:17:51,822 (main) INFO  [DataNucleus.Enhancer] - Writing class file "C:\work\repository\bookingprof\target\dilosohairapp\WEB-INF\classes\com\diloso\bookhair\app\persist\entities\Invoice.class" with enhanced definition
14:17:51,822 (main) INFO  [DataNucleus.Enhancer] - Writing class file "C:\work\repository\bookingprof\target\dilosohairapp\WEB-INF\classes\com\diloso\bookhair\app\persist\entities\Lang.class" with enhanced definition
14:17:51,822 (main) INFO  [DataNucleus.Enhancer] - Writing class file "C:\work\repository\bookingprof\target\dilosohairapp\WEB-INF\classes\com\diloso\bookhair\app\persist\entities\Local.class" with enhanced definition
14:17:51,838 (main) INFO  [DataNucleus.Enhancer] - Writing class file "C:\work\repository\bookingprof\target\dilosohairapp\WEB-INF\classes\com\diloso\bookhair\app\persist\entities\LocalTask.class" with enhanced definition
14:17:51,838 (main) INFO  [DataNucleus.Enhancer] - Writing class file "C:\work\repository\bookingprof\target\dilosohairapp\WEB-INF\classes\com\diloso\bookhair\app\persist\entities\MultiText.class" with enhanced definition
14:17:51,838 (main) INFO  [DataNucleus.Enhancer] - Writing class file "C:\work\repository\bookingprof\target\dilosohairapp\WEB-INF\classes\com\diloso\bookhair\app\persist\entities\Product.class" with enhanced definition
14:17:51,854 (main) INFO  [DataNucleus.Enhancer] - Writing class file "C:\work\repository\bookingprof\target\dilosohairapp\WEB-INF\classes\com\diloso\bookhair\app\persist\entities\ProductClass.class" with enhanced definition
14:17:51,854 (main) INFO  [DataNucleus.Enhancer] - Writing class file "C:\work\repository\bookingprof\target\dilosohairapp\WEB-INF\classes\com\diloso\bookhair\app\persist\entities\Professional.class" with enhanced definition
14:17:51,854 (main) INFO  [DataNucleus.Enhancer] - Writing class file "C:\work\repository\bookingprof\target\dilosohairapp\WEB-INF\classes\com\diloso\bookhair\app\persist\entities\Repeat.class" with enhanced definition
14:17:51,854 (main) INFO  [DataNucleus.Enhancer] - Writing class file "C:\work\repository\bookingprof\target\dilosohairapp\WEB-INF\classes\com\diloso\bookhair\app\persist\entities\RepeatClient.class" with enhanced definition
14:17:51,854 (main) INFO  [DataNucleus.Enhancer] - Writing class file "C:\work\repository\bookingprof\target\dilosohairapp\WEB-INF\classes\com\diloso\bookhair\app\persist\entities\Resource.class" with enhanced definition
14:17:51,869 (main) INFO  [DataNucleus.Enhancer] - Writing class file "C:\work\repository\bookingprof\target\dilosohairapp\WEB-INF\classes\com\diloso\bookhair\app\persist\entities\SemanalDiary.class" with enhanced definition
14:17:51,869 (main) INFO  [DataNucleus.Enhancer] - Writing class file "C:\work\repository\bookingprof\target\dilosohairapp\WEB-INF\classes\com\diloso\bookhair\app\persist\entities\Sincro.class" with enhanced definition
14:17:51,869 (main) INFO  [DataNucleus.Enhancer] - Writing class file "C:\work\repository\bookingprof\target\dilosohairapp\WEB-INF\classes\com\diloso\bookhair\app\persist\entities\Task.class" with enhanced definition
14:17:51,869 (main) INFO  [DataNucleus.Enhancer] - Writing class file "C:\work\repository\bookingprof\target\dilosohairapp\WEB-INF\classes\com\diloso\bookhair\app\persist\entities\TaskClass.class" with enhanced definition
14:17:51,885 (main) INFO  [DataNucleus.Enhancer] - Writing class file "C:\work\repository\bookingprof\target\dilosohairapp\WEB-INF\classes\com\diloso\bookhair\app\persist\entities\Where.class" with enhanced definition
14:17:51,885 (main) INFO  [DataNucleus.Enhancer] - Writing class file "C:\work\repository\bookingprof\target\dilosohairapp\WEB-INF\classes\com\diloso\bookhair\app\persist\entities\Who.class" with enhanced definition
14:17:51,885 (main) INFO  [DataNucleus.Enhancer] - DataNucleus Enhancer completed with success for 24 classes. Timings : input=1734 ms, enhance=172 ms, total=1906 ms. Consult the log for full details
